<?xml version="1.0" encoding="UTF-8"?><testsuite errors="1" failures="0" name="net.thucydides.showcase.cucumber.junit.shopping_cart.AddStuffToTheShoppingCartTest" skipped="0" tests="1" time="20.38" timestamp="2017-09-244 03:44:14"><testcase classname="net.thucydides.showcase.cucumber.junit.shopping_cart.AddStuffToTheShoppingCartTest" name="Add a leather jacket to the cart"><error message="Timed out after 1 seconds waiting for visibility of element located by By.xpath: //div[@id='search-suggestions']//div[@class='as-suggestion']//*[contains(.,'find shop names containing')]&#10;Build info: version: '2.53.0', revision: '35ae25b1534ae328c771e0856c93e187490ca824', time: '2016-03-15 10:43:46'&#10;System info: host: 'SampathMahavithanas-MacBook-Pro.local', ip: '192.168.1.3', os.name: 'Mac OS X', os.arch: 'x86_64', os.version: '10.10.5', java.version: '1.8.0_131'&#10;Driver info: net.thucydides.core.webdriver.WebDriverFacade" type="org.openqa.selenium.TimeoutException">Timed out after 1 seconds waiting for visibility of element located by By.xpath: //div[@id='search-suggestions']//div[@class='as-suggestion']//*[contains(.,'find shop names containing')]
Build info: version: '2.53.0', revision: '35ae25b1534ae328c771e0856c93e187490ca824', time: '2016-03-15 10:43:46'
System info: host: 'SampathMahavithanas-MacBook-Pro.local', ip: '192.168.1.3', os.name: 'Mac OS X', os.arch: 'x86_64', os.version: '10.10.5', java.version: '1.8.0_131'
Driver info: net.thucydides.core.webdriver.WebDriverFacade</error><system-err>Timed out after 1 seconds waiting for visibility of element located by By.xpath: //div[@id='search-suggestions']//div[@class='as-suggestion']//*[contains(.,'find shop names containing')]
Build info: version: '2.53.0', revision: '35ae25b1534ae328c771e0856c93e187490ca824', time: '2016-03-15 10:43:46'
System info: host: 'SampathMahavithanas-MacBook-Pro.local', ip: '192.168.1.3', os.name: 'Mac OS X', os.arch: 'x86_64', os.version: '10.10.5', java.version: '1.8.0_131'
Driver info: net.thucydides.core.webdriver.WebDriverFacade
net.thucydides.showcase.cucumber.pages.HomePage.enterSearchTerms(HomePage.java:26)
net.thucydides.showcase.cucumber.steps.serenity.BuyerSteps.searches_by_keyword(BuyerSteps.java:28)
net.thucydides.showcase.cucumber.junit.shopping_cart.AddStuffToTheShoppingCartTest.add_a_leather_jacket_to_the_cart(AddStuffToTheShoppingCartTest.java:23)
</system-err></testcase></testsuite>